<?xml version="1.0" encoding="UTF-8"?>
<!-- Generated by org.testng.reporters.JUnitReportReporter -->
<testsuite hostname="DESKTOP-S4TG0P1" failures="0" tests="1" name="com.amazonText.org.TestCase1" time="45.325" errors="0" timestamp="2023-12-14T20:21:41 IST" skipped="0">
  <testcase classname="com.amazonText.org.TestCase1" name="SearchProduct" time="45.325"/>
</testsuite> <!-- com.amazonText.org.TestCase1 -->
